<?xml version="1.0" encoding="UTF-8"?>
<testng-results skipped="0" failed="0" ignored="0" total="1" passed="1">
  <reporter-output>
  </reporter-output>
  <suite name="Default suite" duration-ms="11725" started-at="2017-10-29T06:02:37Z" finished-at="2017-10-29T06:02:49Z">
    <groups>
    </groups>
    <test name="Default test" duration-ms="11725" started-at="2017-10-29T06:02:37Z" finished-at="2017-10-29T06:02:49Z">
      <class name="ust.global.project.khela.NewTest">
        <test-method status="PASS" signature="f()[pri:0, instance:ust.global.project.khela.NewTest@2a5ca609]" name="f" duration-ms="11684" started-at="2017-10-29T11:32:37Z" finished-at="2017-10-29T11:32:49Z">
          <reporter-output>
          </reporter-output>
        </test-method> <!-- f -->
      </class> <!-- ust.global.project.khela.NewTest -->
    </test> <!-- Default test -->
  </suite> <!-- Default suite -->
</testng-results>
