<?xml version="1.0" encoding="UTF-8"?>
<testng-results skipped="0" failed="0" ignored="0" total="1" passed="1">
  <reporter-output>
  </reporter-output>
  <suite name="Suite" duration-ms="20193" started-at="2017-10-29T11:31:57Z" finished-at="2017-10-29T11:32:18Z">
    <groups>
    </groups>
    <test name="Test" duration-ms="20193" started-at="2017-10-29T11:31:57Z" finished-at="2017-10-29T11:32:18Z">
      <class name="ust.global.project.khela.NewTest">
        <test-method status="PASS" signature="f()[pri:0, instance:ust.global.project.khela.NewTest@67b64c45]" name="f" duration-ms="20170" started-at="2017-10-29T17:01:57Z" finished-at="2017-10-29T17:02:18Z">
          <reporter-output>
          </reporter-output>
        </test-method> <!-- f -->
      </class> <!-- ust.global.project.khela.NewTest -->
    </test> <!-- Test -->
  </suite> <!-- Suite -->
</testng-results>
